<?xml version="1.0" encoding="UTF-8"?>
<testng-results ignored="0" total="1" passed="0" failed="1" skipped="0">
  <reporter-output>
  </reporter-output>
  <suite started-at="2020-04-18T22:48:41Z" name="Suite" finished-at="2020-04-18T22:48:46Z" duration-ms="5056">
    <groups>
    </groups>
    <test started-at="2020-04-18T22:48:41Z" name="Test" finished-at="2020-04-18T22:48:46Z" duration-ms="5056">
      <class name="com.automation.Tests.GetValue_Xoom">
        <test-method is-config="true" signature="beforeAllClasses()[pri:0, instance:com.automation.Tests.GetValue_Xoom@306279ee]" started-at="2020-04-18T17:48:41Z" name="beforeAllClasses" finished-at="2020-04-18T17:48:44Z" duration-ms="3838" status="PASS">
          <reporter-output>
          </reporter-output>
        </test-method> <!-- beforeAllClasses -->
        <test-method is-config="true" signature="setup()[pri:0, instance:com.automation.Tests.GetValue_Xoom@306279ee]" started-at="2020-04-18T17:48:44Z" name="setup" finished-at="2020-04-18T17:48:44Z" duration-ms="2" status="PASS">
          <reporter-output>
          </reporter-output>
        </test-method> <!-- setup -->
        <test-method signature="getValue()[pri:0, instance:com.automation.Tests.GetValue_Xoom@306279ee]" started-at="2020-04-18T17:48:44Z" name="getValue" finished-at="2020-04-18T17:48:46Z" duration-ms="1111" status="FAIL">
          <exception class="java.lang.AssertionError">
            <message>
              <![CDATA[expected [75.9247] but found [[[ChromeDriver: chrome on MAC (f3b0416973678e3bae470cdf51a19ab4)] -> xpath: //*[@id="js-ui-content-update-animation-item-0"]/p]]]]>
            </message>
            <full-stacktrace>
              <![CDATA[java.lang.AssertionError: expected [75.9247] but found [[[ChromeDriver: chrome on MAC (f3b0416973678e3bae470cdf51a19ab4)] -> xpath: //*[@id="js-ui-content-update-animation-item-0"]/p]]
	at org.testng.Assert.fail(Assert.java:94)
	at org.testng.Assert.failNotEquals(Assert.java:513)
	at org.testng.Assert.assertEqualsImpl(Assert.java:135)
	at org.testng.Assert.assertEquals(Assert.java:116)
	at org.testng.Assert.assertEquals(Assert.java:179)
	at com.automation.Pages.Xoom.getRate(Xoom.java:36)
	at com.automation.Tests.GetValue_Xoom.getValue(GetValue_Xoom.java:31)
	at java.base/jdk.internal.reflect.NativeMethodAccessorImpl.invoke0(Native Method)
	at java.base/jdk.internal.reflect.NativeMethodAccessorImpl.invoke(NativeMethodAccessorImpl.java:62)
	at java.base/jdk.internal.reflect.DelegatingMethodAccessorImpl.invoke(DelegatingMethodAccessorImpl.java:43)
	at java.base/java.lang.reflect.Method.invoke(Method.java:567)
	at org.testng.internal.MethodInvocationHelper.invokeMethod(MethodInvocationHelper.java:104)
	at org.testng.internal.Invoker.invokeMethod(Invoker.java:645)
	at org.testng.internal.Invoker.invokeTestMethod(Invoker.java:851)
	at org.testng.internal.Invoker.invokeTestMethods(Invoker.java:1177)
	at org.testng.internal.TestMethodWorker.invokeTestMethods(TestMethodWorker.java:129)
	at org.testng.internal.TestMethodWorker.run(TestMethodWorker.java:112)
	at org.testng.TestRunner.privateRun(TestRunner.java:756)
	at org.testng.TestRunner.run(TestRunner.java:610)
	at org.testng.SuiteRunner.runTest(SuiteRunner.java:387)
	at org.testng.SuiteRunner.runSequentially(SuiteRunner.java:382)
	at org.testng.SuiteRunner.privateRun(SuiteRunner.java:340)
	at org.testng.SuiteRunner.run(SuiteRunner.java:289)
	at org.testng.SuiteRunnerWorker.runSuite(SuiteRunnerWorker.java:52)
	at org.testng.SuiteRunnerWorker.run(SuiteRunnerWorker.java:86)
	at org.testng.TestNG.runSuitesSequentially(TestNG.java:1293)
	at org.testng.TestNG.runSuitesLocally(TestNG.java:1218)
	at org.testng.TestNG.runSuites(TestNG.java:1133)
	at org.testng.TestNG.run(TestNG.java:1104)
	at org.apache.maven.surefire.testng.TestNGExecutor.run(TestNGExecutor.java:283)
	at org.apache.maven.surefire.testng.TestNGXmlTestSuite.execute(TestNGXmlTestSuite.java:75)
	at org.apache.maven.surefire.testng.TestNGProvider.invoke(TestNGProvider.java:120)
	at org.apache.maven.surefire.booter.ForkedBooter.invokeProviderInSameClassLoader(ForkedBooter.java:379)
	at org.apache.maven.surefire.booter.ForkedBooter.runSuitesInProcess(ForkedBooter.java:340)
	at org.apache.maven.surefire.booter.ForkedBooter.execute(ForkedBooter.java:125)
	at org.apache.maven.surefire.booter.ForkedBooter.main(ForkedBooter.java:413)
]]>
            </full-stacktrace>
          </exception> <!-- java.lang.AssertionError -->
          <reporter-output>
          </reporter-output>
        </test-method> <!-- getValue -->
        <test-method is-config="true" signature="tearDown()[pri:0, instance:com.automation.Tests.GetValue_Xoom@306279ee]" started-at="2020-04-18T17:48:46Z" name="tearDown" finished-at="2020-04-18T17:48:46Z" duration-ms="88" status="PASS">
          <reporter-output>
          </reporter-output>
        </test-method> <!-- tearDown -->
        <test-method is-config="true" signature="tearDown()[pri:0, instance:com.automation.Tests.GetValue_Xoom@306279ee]" started-at="2020-04-18T17:48:46Z" name="tearDown" finished-at="2020-04-18T17:48:46Z" duration-ms="1" status="PASS">
          <reporter-output>
          </reporter-output>
        </test-method> <!-- tearDown -->
      </class> <!-- com.automation.Tests.GetValue_Xoom -->
    </test> <!-- Test -->
  </suite> <!-- Suite -->
</testng-results>
